  test.cpp
C:\Users\sheil\Documents\Joshua's Stuff\Skool\Cooledge\CSI 281\CSI-281-8\src\Graph.h(112,1): error C2440: 'initializing': cannot convert from 'void' to 'std::basic_string<char,std::char_traits<char>,std::allocator<char>>'
C:\Users\sheil\Documents\Joshua's Stuff\Skool\Cooledge\CSI 281\CSI-281-8\src\Graph.h(112,27): message : Expressions of type void cannot be converted to other types
C:\Users\sheil\Documents\Joshua's Stuff\Skool\Cooledge\CSI 281\CSI-281-8\src\Graph.h(101): message : while compiling class template member function 'std::optional<std::list<V,std::allocator<std::string>>> csi281::Graph<V>::dfs(const V &,const V &)'
          with
          [
              V=std::string
          ]
C:\Users\sheil\Documents\Joshua's Stuff\Skool\Cooledge\CSI 281\CSI-281-8\src\test.cpp(151): message : see reference to function template instantiation 'std::optional<std::list<V,std::allocator<std::string>>> csi281::Graph<V>::dfs(const V &,const V &)' being compiled
          with
          [
              V=std::string
          ]
C:\Users\sheil\Documents\Joshua's Stuff\Skool\Cooledge\CSI 281\CSI-281-8\src\test.cpp(66): message : see reference to class template instantiation 'csi281::Graph<std::string>' being compiled
C:\Users\sheil\Documents\Joshua's Stuff\Skool\Cooledge\CSI 281\CSI-281-8\src\Graph.h(116,1): error C2664: 'std::list<V,std::allocator<std::string>> csi281::Graph<V>::pathMapToPath(std::unordered_map<V,V,std::hash<V>,std::equal_to<V>,std::allocator<std::pair<const V,V>>> &,V &)': cannot convert argument 2 from 'const V' to 'V &'
          with
          [
              V=std::string
          ]
C:\Users\sheil\Documents\Joshua's Stuff\Skool\Cooledge\CSI 281\CSI-281-8\src\Graph.h(116,52): message : Conversion loses qualifiers
C:\Users\sheil\Documents\Joshua's Stuff\Skool\Cooledge\CSI 281\CSI-281-8\src\Graph.h(86,14): message : see declaration of 'csi281::Graph<std::string>::pathMapToPath'
C:\Users\sheil\Documents\Joshua's Stuff\Skool\Cooledge\CSI 281\CSI-281-8\src\Graph.h(121,1): error C2676: binary '[': 'std::unordered_set<V,std::hash<V>,std::equal_to<V>,std::allocator<std::string>>' does not define this operator or a conversion to a type acceptable to the predefined operator
          with
          [
              V=std::string
          ]
C:\Users\sheil\Documents\Joshua's Stuff\Skool\Cooledge\CSI 281\CSI-281-8\src\Graph.h(123,1): error C2679: binary '!=': no operator found which takes a right-hand operand of type 'const std::nullopt_t' (or there is no acceptable conversion)
C:\Program Files\Microsoft Visual Studio\2022\Community\VC\Tools\MSVC\14.33.31629\include\list(202,21): message : could be 'bool std::_List_const_iterator<std::_List_val<std::_List_simple_types<_Ty>>>::operator !=(const std::_List_const_iterator<std::_List_val<std::_List_simple_types<_Ty>>> &) noexcept const'
          with
          [
              _Ty=std::pair<const std::string,std::string>
          ]
C:\Users\sheil\Documents\Joshua's Stuff\Skool\Cooledge\CSI 281\CSI-281-8\src\Graph.h(123,1): message : while trying to match the argument list '(std::_List_iterator<std::_List_val<std::_List_simple_types<_Ty>>>, const std::nullopt_t)'
          with
          [
              _Ty=std::pair<const std::string,std::string>
          ]
C:\Users\sheil\Documents\Joshua's Stuff\Skool\Cooledge\CSI 281\CSI-281-8\src\Graph.h(126,1): error C2665: 'std::_Hash<std::_Umap_traits<_Kty,_Ty,std::_Uhash_compare<_Kty,_Hasher,_Keyeq>,_Alloc,false>>::insert': none of the 7 overloads could convert all the argument types
          with
          [
              _Kty=std::string,
              _Ty=std::string,
              _Hasher=std::hash<std::string>,
              _Keyeq=std::equal_to<std::string>,
              _Alloc=std::allocator<std::pair<const std::string,std::string>>
          ]
C:\Program Files\Microsoft Visual Studio\2022\Community\VC\Tools\MSVC\14.33.31629\include\xhash(915,59): message : could be 'std::pair<std::_List_iterator<std::_List_val<std::_List_simple_types<_Ty>>>,bool> std::_Hash<std::_Umap_traits<_Kty,std::basic_string<char,std::char_traits<char>,std::allocator<char>>,std::_Uhash_compare<_Kty,_Hasher,_Keyeq>,_Alloc,false>>::insert(const std::pair<const V,V> &)'
          with
          [
              _Ty=std::pair<const std::string,std::string>,
              _Kty=std::string,
              _Hasher=std::hash<std::string>,
              _Keyeq=std::equal_to<std::string>,
              _Alloc=std::allocator<std::pair<const std::string,std::string>>,
              V=std::string
          ]
C:\Program Files\Microsoft Visual Studio\2022\Community\VC\Tools\MSVC\14.33.31629\include\xhash(919,59): message : or       'std::pair<std::_List_iterator<std::_List_val<std::_List_simple_types<_Ty>>>,bool> std::_Hash<std::_Umap_traits<_Kty,std::basic_string<char,std::char_traits<char>,std::allocator<char>>,std::_Uhash_compare<_Kty,_Hasher,_Keyeq>,_Alloc,false>>::insert(std::pair<const V,V> &&)'
          with
          [
              _Ty=std::pair<const std::string,std::string>,
              _Kty=std::string,
              _Hasher=std::hash<std::string>,
              _Keyeq=std::equal_to<std::string>,
              _Alloc=std::allocator<std::pair<const std::string,std::string>>,
              V=std::string
          ]
C:\Program Files\Microsoft Visual Studio\2022\Community\VC\Tools\MSVC\14.33.31629\include\xhash(941,10): message : or       'void std::_Hash<std::_Umap_traits<_Kty,_Ty,std::_Uhash_compare<_Kty,_Hasher,_Keyeq>,_Alloc,false>>::insert(std::initializer_list<std::pair<const V,V>>)'
          with
          [
              _Kty=std::string,
              _Ty=std::string,
              _Hasher=std::hash<std::string>,
              _Keyeq=std::equal_to<std::string>,
              _Alloc=std::allocator<std::pair<const std::string,std::string>>,
              V=std::string
          ]
C:\Program Files\Microsoft Visual Studio\2022\Community\VC\Tools\MSVC\14.33.31629\include\xhash(1492,88): message : or       'std::_Insert_return_type<std::_List_iterator<std::_List_val<std::_List_simple_types<_Ty>>>,std::_Node_handle<std::_List_node<std::pair<const V,V>,std::_Default_allocator_traits<_Alloc>::void_pointer>,_Alloc,std::_Node_handle_map_base,_Kty,std::basic_string<char,std::char_traits<char>,std::allocator<char>>>> std::_Hash<std::_Umap_traits<_Kty,std::basic_string<char,std::char_traits<char>,std::allocator<char>>,std::_Uhash_compare<_Kty,_Hasher,_Keyeq>,_Alloc,false>>::insert(std::_Node_handle<std::_List_node<std::pair<const V,V>,std::_Default_allocator_traits<_Alloc>::void_pointer>,_Alloc,std::_Node_handle_map_base,_Kty,std::basic_string<char,std::char_traits<char>,std::allocator<char>>> &&)'
          with
          [
              _Ty=std::pair<const std::string,std::string>,
              V=std::string,
              _Alloc=std::allocator<std::pair<const std::string,std::string>>,
              _Kty=std::string,
              _Hasher=std::hash<std::string>,
              _Keyeq=std::equal_to<std::string>
          ]
C:\Users\sheil\Documents\Joshua's Stuff\Skool\Cooledge\CSI 281\CSI-281-8\src\Graph.h(126,29): message : 'std::_Insert_return_type<std::_List_iterator<std::_List_val<std::_List_simple_types<_Ty>>>,std::_Node_handle<std::_List_node<std::pair<const V,V>,std::_Default_allocator_traits<_Alloc>::void_pointer>,_Alloc,std::_Node_handle_map_base,_Kty,std::basic_string<char,std::char_traits<char>,std::allocator<char>>>> std::_Hash<std::_Umap_traits<_Kty,std::basic_string<char,std::char_traits<char>,std::allocator<char>>,std::_Uhash_compare<_Kty,_Hasher,_Keyeq>,_Alloc,false>>::insert(std::_Node_handle<std::_List_node<std::pair<const V,V>,std::_Default_allocator_traits<_Alloc>::void_pointer>,_Alloc,std::_Node_handle_map_base,_Kty,std::basic_string<char,std::char_traits<char>,std::allocator<char>>> &&)': cannot convert argument 1 from 'V' to 'std::_Node_handle<std::_List_node<std::pair<const V,V>,std::_Default_allocator_traits<_Alloc>::void_pointer>,_Alloc,std::_Node_handle_map_base,_Kty,_Ty> &&'
          with
          [
              _Ty=std::pair<const std::string,std::string>,
              V=std::string,
              _Alloc=std::allocator<std::pair<const std::string,std::string>>,
              _Kty=std::string,
              _Hasher=std::hash<std::string>,
              _Keyeq=std::equal_to<std::string>
          ]
          and
          [
              V=std::string
          ]
          and
          [
              V=std::string,
              _Alloc=std::allocator<std::pair<const std::string,std::string>>,
              _Kty=std::string,
              _Ty=std::string
          ]
C:\Users\sheil\Documents\Joshua's Stuff\Skool\Cooledge\CSI 281\CSI-281-8\src\Graph.h(126,1): message : Reason: cannot convert from 'V' to 'std::_Node_handle<std::_List_node<std::pair<const V,V>,std::_Default_allocator_traits<_Alloc>::void_pointer>,_Alloc,std::_Node_handle_map_base,_Kty,_Ty>'
          with
          [
              V=std::string
          ]
C:\Users\sheil\Documents\Joshua's Stuff\Skool\Cooledge\CSI 281\CSI-281-8\src\Graph.h(126,37): message : No user-defined-conversion operator available that can perform this conversion, or the operator cannot be called
C:\Program Files\Microsoft Visual Studio\2022\Community\VC\Tools\MSVC\14.33.31629\include\xhash(1492,88): message : see declaration of 'std::_Hash<std::_Umap_traits<_Kty,_Ty,std::_Uhash_compare<_Kty,_Hasher,_Keyeq>,_Alloc,false>>::insert'
          with
          [
              _Kty=std::string,
              _Ty=std::string,
              _Hasher=std::hash<std::string>,
              _Keyeq=std::equal_to<std::string>,
              _Alloc=std::allocator<std::pair<const std::string,std::string>>
          ]
C:\Users\sheil\Documents\Joshua's Stuff\Skool\Cooledge\CSI 281\CSI-281-8\src\Graph.h(126,1): message : while trying to match the argument list '(V)'
          with
          [
              V=std::string
          ]
